<?xml version="1.0" encoding="UTF-8"?>
<testExecutions version="1">
    <file path="C:\Users\aless\Desktop\SE2-Projects\SPG-Project\SolidarityPurchasingGroup\server\__test__\server.test.js">
        <testCase name="Testing to see if Jest works" duration="2"/>
        <testCase name="Retrieving products GET /api/products" duration="29"/>
        <testCase name="Retrieving products GET /api/products/1" duration="4"/>
        <testCase name="GET /api/bookings bookings should NOT be visible if not loggedIn" duration="148"/>
        <testCase name="GET /api/bookings login as manager" duration="185"/>
        <testCase name="GET /api/bookings bookings should be visible as manager" duration="23"/>
        <testCase name="GET /api/bookings login as employee" duration="147"/>
        <testCase name="GET /api/bookings bookings should be visible as employee" duration="15"/>
        <testCase name="GET /api/bookings login as client" duration="113"/>
        <testCase name="GET /api/bookings bookings should NOT be visible as client" duration="16"/>
    </file>
</testExecutions>