<?xml version="1.0" encoding="UTF-8"?>
<testExecutions version="1">
    <file path="C:\Users\aless\Desktop\SE2-Projects\SPG-Project\SolidarityPurchasingGroup\client\src\Components\Cart\__test__\Cart.test.js">
        <testCase name="renders the cart button" duration="83">
            <failure message="TypeError: Cannot read properties of undefined (reading &apos;numItems&apos;)"><![CDATA[TypeError: Cannot read properties of undefined (reading 'numItems')
    at Cart (C:\Users\aless\Desktop\SE2-Projects\SPG-Project\SolidarityPurchasingGroup\client\src\Components\Cart\Cart.js:18:29)
    at renderWithHooks (C:\Users\aless\Desktop\SE2-Projects\SPG-Project\SolidarityPurchasingGroup\client\node_modules\react-dom\cjs\react-dom.development.js:14985:18)
    at mountIndeterminateComponent (C:\Users\aless\Desktop\SE2-Projects\SPG-Project\SolidarityPurchasingGroup\client\node_modules\react-dom\cjs\react-dom.development.js:17811:13)
    at beginWork (C:\Users\aless\Desktop\SE2-Projects\SPG-Project\SolidarityPurchasingGroup\client\node_modules\react-dom\cjs\react-dom.development.js:19049:16)
    at HTMLUnknownElement.callCallback (C:\Users\aless\Desktop\SE2-Projects\SPG-Project\SolidarityPurchasingGroup\client\node_modules\react-dom\cjs\react-dom.development.js:3945:14)
    at HTMLUnknownElement.callTheUserObjectsOperation (C:\Users\aless\Desktop\SE2-Projects\SPG-Project\SolidarityPurchasingGroup\client\node_modules\jsdom\lib\jsdom\living\generated\EventListener.js:26:30)
    at innerInvokeEventListeners (C:\Users\aless\Desktop\SE2-Projects\SPG-Project\SolidarityPurchasingGroup\client\node_modules\jsdom\lib\jsdom\living\events\EventTarget-impl.js:338:25)
    at invokeEventListeners (C:\Users\aless\Desktop\SE2-Projects\SPG-Project\SolidarityPurchasingGroup\client\node_modules\jsdom\lib\jsdom\living\events\EventTarget-impl.js:274:3)
    at HTMLUnknownElementImpl._dispatch (C:\Users\aless\Desktop\SE2-Projects\SPG-Project\SolidarityPurchasingGroup\client\node_modules\jsdom\lib\jsdom\living\events\EventTarget-impl.js:221:9)
    at HTMLUnknownElementImpl.dispatchEvent (C:\Users\aless\Desktop\SE2-Projects\SPG-Project\SolidarityPurchasingGroup\client\node_modules\jsdom\lib\jsdom\living\events\EventTarget-impl.js:94:17)
    at HTMLUnknownElement.dispatchEvent (C:\Users\aless\Desktop\SE2-Projects\SPG-Project\SolidarityPurchasingGroup\client\node_modules\jsdom\lib\jsdom\living\generated\EventTarget.js:231:34)
    at Object.invokeGuardedCallbackDev (C:\Users\aless\Desktop\SE2-Projects\SPG-Project\SolidarityPurchasingGroup\client\node_modules\react-dom\cjs\react-dom.development.js:3994:16)
    at invokeGuardedCallback (C:\Users\aless\Desktop\SE2-Projects\SPG-Project\SolidarityPurchasingGroup\client\node_modules\react-dom\cjs\react-dom.development.js:4056:31)
    at beginWork$1 (C:\Users\aless\Desktop\SE2-Projects\SPG-Project\SolidarityPurchasingGroup\client\node_modules\react-dom\cjs\react-dom.development.js:23964:7)
    at performUnitOfWork (C:\Users\aless\Desktop\SE2-Projects\SPG-Project\SolidarityPurchasingGroup\client\node_modules\react-dom\cjs\react-dom.development.js:22779:12)
    at workLoopSync (C:\Users\aless\Desktop\SE2-Projects\SPG-Project\SolidarityPurchasingGroup\client\node_modules\react-dom\cjs\react-dom.development.js:22707:5)
    at renderRootSync (C:\Users\aless\Desktop\SE2-Projects\SPG-Project\SolidarityPurchasingGroup\client\node_modules\react-dom\cjs\react-dom.development.js:22670:7)
    at performSyncWorkOnRoot (C:\Users\aless\Desktop\SE2-Projects\SPG-Project\SolidarityPurchasingGroup\client\node_modules\react-dom\cjs\react-dom.development.js:22293:18)
    at scheduleUpdateOnFiber (C:\Users\aless\Desktop\SE2-Projects\SPG-Project\SolidarityPurchasingGroup\client\node_modules\react-dom\cjs\react-dom.development.js:21881:7)
    at updateContainer (C:\Users\aless\Desktop\SE2-Projects\SPG-Project\SolidarityPurchasingGroup\client\node_modules\react-dom\cjs\react-dom.development.js:25482:3)
    at C:\Users\aless\Desktop\SE2-Projects\SPG-Project\SolidarityPurchasingGroup\client\node_modules\react-dom\cjs\react-dom.development.js:26021:7
    at unbatchedUpdates (C:\Users\aless\Desktop\SE2-Projects\SPG-Project\SolidarityPurchasingGroup\client\node_modules\react-dom\cjs\react-dom.development.js:22431:12)
    at legacyRenderSubtreeIntoContainer (C:\Users\aless\Desktop\SE2-Projects\SPG-Project\SolidarityPurchasingGroup\client\node_modules\react-dom\cjs\react-dom.development.js:26020:5)
    at Object.render (C:\Users\aless\Desktop\SE2-Projects\SPG-Project\SolidarityPurchasingGroup\client\node_modules\react-dom\cjs\react-dom.development.js:26103:10)
    at C:\Users\aless\Desktop\SE2-Projects\SPG-Project\SolidarityPurchasingGroup\client\node_modules\@testing-library\react\dist\pure.js:101:25
    at batchedUpdates$1 (C:\Users\aless\Desktop\SE2-Projects\SPG-Project\SolidarityPurchasingGroup\client\node_modules\react-dom\cjs\react-dom.development.js:22380:12)
    at act (C:\Users\aless\Desktop\SE2-Projects\SPG-Project\SolidarityPurchasingGroup\client\node_modules\react-dom\cjs\react-dom-test-utils.development.js:1042:14)
    at render (C:\Users\aless\Desktop\SE2-Projects\SPG-Project\SolidarityPurchasingGroup\client\node_modules\@testing-library\react\dist\pure.js:97:26)
    at Object.<anonymous> (C:\Users\aless\Desktop\SE2-Projects\SPG-Project\SolidarityPurchasingGroup\client\src\Components\Cart\__test__\Cart.test.js:9:40)
    at Promise.then.completed (C:\Users\aless\Desktop\SE2-Projects\SPG-Project\SolidarityPurchasingGroup\client\node_modules\jest-circus\build\utils.js:276:28)
    at new Promise (<anonymous>)
    at callAsyncCircusFn (C:\Users\aless\Desktop\SE2-Projects\SPG-Project\SolidarityPurchasingGroup\client\node_modules\jest-circus\build\utils.js:216:10)
    at _callCircusTest (C:\Users\aless\Desktop\SE2-Projects\SPG-Project\SolidarityPurchasingGroup\client\node_modules\jest-circus\build\run.js:212:40)
    at processTicksAndRejections (node:internal/process/task_queues:96:5)
    at _runTest (C:\Users\aless\Desktop\SE2-Projects\SPG-Project\SolidarityPurchasingGroup\client\node_modules\jest-circus\build\run.js:149:3)
    at _runTestsForDescribeBlock (C:\Users\aless\Desktop\SE2-Projects\SPG-Project\SolidarityPurchasingGroup\client\node_modules\jest-circus\build\run.js:63:9)
    at run (C:\Users\aless\Desktop\SE2-Projects\SPG-Project\SolidarityPurchasingGroup\client\node_modules\jest-circus\build\run.js:25:3)
    at runAndTransformResultsToJestFormat (C:\Users\aless\Desktop\SE2-Projects\SPG-Project\SolidarityPurchasingGroup\client\node_modules\jest-circus\build\legacy-code-todo-rewrite\jestAdapterInit.js:176:21)
    at jestAdapter (C:\Users\aless\Desktop\SE2-Projects\SPG-Project\SolidarityPurchasingGroup\client\node_modules\jest-circus\build\legacy-code-todo-rewrite\jestAdapter.js:109:19)
    at runTestInternal (C:\Users\aless\Desktop\SE2-Projects\SPG-Project\SolidarityPurchasingGroup\client\node_modules\jest-runner\build\runTest.js:380:16)
    at runTest (C:\Users\aless\Desktop\SE2-Projects\SPG-Project\SolidarityPurchasingGroup\client\node_modules\jest-runner\build\runTest.js:472:34)
    at Object.worker (C:\Users\aless\Desktop\SE2-Projects\SPG-Project\SolidarityPurchasingGroup\client\node_modules\jest-runner\build\testWorker.js:133:12)]]></failure>
        </testCase>
        <testCase name="clicking on cart button renders the cart modal as expected" duration="7">
            <failure message="TypeError: Cannot read properties of undefined (reading &apos;numItems&apos;)"><![CDATA[TypeError: Cannot read properties of undefined (reading 'numItems')
    at Cart (C:\Users\aless\Desktop\SE2-Projects\SPG-Project\SolidarityPurchasingGroup\client\src\Components\Cart\Cart.js:18:29)
    at renderWithHooks (C:\Users\aless\Desktop\SE2-Projects\SPG-Project\SolidarityPurchasingGroup\client\node_modules\react-dom\cjs\react-dom.development.js:14985:18)
    at mountIndeterminateComponent (C:\Users\aless\Desktop\SE2-Projects\SPG-Project\SolidarityPurchasingGroup\client\node_modules\react-dom\cjs\react-dom.development.js:17811:13)
    at beginWork (C:\Users\aless\Desktop\SE2-Projects\SPG-Project\SolidarityPurchasingGroup\client\node_modules\react-dom\cjs\react-dom.development.js:19049:16)
    at HTMLUnknownElement.callCallback (C:\Users\aless\Desktop\SE2-Projects\SPG-Project\SolidarityPurchasingGroup\client\node_modules\react-dom\cjs\react-dom.development.js:3945:14)
    at HTMLUnknownElement.callTheUserObjectsOperation (C:\Users\aless\Desktop\SE2-Projects\SPG-Project\SolidarityPurchasingGroup\client\node_modules\jsdom\lib\jsdom\living\generated\EventListener.js:26:30)
    at innerInvokeEventListeners (C:\Users\aless\Desktop\SE2-Projects\SPG-Project\SolidarityPurchasingGroup\client\node_modules\jsdom\lib\jsdom\living\events\EventTarget-impl.js:338:25)
    at invokeEventListeners (C:\Users\aless\Desktop\SE2-Projects\SPG-Project\SolidarityPurchasingGroup\client\node_modules\jsdom\lib\jsdom\living\events\EventTarget-impl.js:274:3)
    at HTMLUnknownElementImpl._dispatch (C:\Users\aless\Desktop\SE2-Projects\SPG-Project\SolidarityPurchasingGroup\client\node_modules\jsdom\lib\jsdom\living\events\EventTarget-impl.js:221:9)
    at HTMLUnknownElementImpl.dispatchEvent (C:\Users\aless\Desktop\SE2-Projects\SPG-Project\SolidarityPurchasingGroup\client\node_modules\jsdom\lib\jsdom\living\events\EventTarget-impl.js:94:17)
    at HTMLUnknownElement.dispatchEvent (C:\Users\aless\Desktop\SE2-Projects\SPG-Project\SolidarityPurchasingGroup\client\node_modules\jsdom\lib\jsdom\living\generated\EventTarget.js:231:34)
    at Object.invokeGuardedCallbackDev (C:\Users\aless\Desktop\SE2-Projects\SPG-Project\SolidarityPurchasingGroup\client\node_modules\react-dom\cjs\react-dom.development.js:3994:16)
    at invokeGuardedCallback (C:\Users\aless\Desktop\SE2-Projects\SPG-Project\SolidarityPurchasingGroup\client\node_modules\react-dom\cjs\react-dom.development.js:4056:31)
    at beginWork$1 (C:\Users\aless\Desktop\SE2-Projects\SPG-Project\SolidarityPurchasingGroup\client\node_modules\react-dom\cjs\react-dom.development.js:23964:7)
    at performUnitOfWork (C:\Users\aless\Desktop\SE2-Projects\SPG-Project\SolidarityPurchasingGroup\client\node_modules\react-dom\cjs\react-dom.development.js:22779:12)
    at workLoopSync (C:\Users\aless\Desktop\SE2-Projects\SPG-Project\SolidarityPurchasingGroup\client\node_modules\react-dom\cjs\react-dom.development.js:22707:5)
    at renderRootSync (C:\Users\aless\Desktop\SE2-Projects\SPG-Project\SolidarityPurchasingGroup\client\node_modules\react-dom\cjs\react-dom.development.js:22670:7)
    at performSyncWorkOnRoot (C:\Users\aless\Desktop\SE2-Projects\SPG-Project\SolidarityPurchasingGroup\client\node_modules\react-dom\cjs\react-dom.development.js:22293:18)
    at scheduleUpdateOnFiber (C:\Users\aless\Desktop\SE2-Projects\SPG-Project\SolidarityPurchasingGroup\client\node_modules\react-dom\cjs\react-dom.development.js:21881:7)
    at updateContainer (C:\Users\aless\Desktop\SE2-Projects\SPG-Project\SolidarityPurchasingGroup\client\node_modules\react-dom\cjs\react-dom.development.js:25482:3)
    at C:\Users\aless\Desktop\SE2-Projects\SPG-Project\SolidarityPurchasingGroup\client\node_modules\react-dom\cjs\react-dom.development.js:26021:7
    at unbatchedUpdates (C:\Users\aless\Desktop\SE2-Projects\SPG-Project\SolidarityPurchasingGroup\client\node_modules\react-dom\cjs\react-dom.development.js:22431:12)
    at legacyRenderSubtreeIntoContainer (C:\Users\aless\Desktop\SE2-Projects\SPG-Project\SolidarityPurchasingGroup\client\node_modules\react-dom\cjs\react-dom.development.js:26020:5)
    at Object.render (C:\Users\aless\Desktop\SE2-Projects\SPG-Project\SolidarityPurchasingGroup\client\node_modules\react-dom\cjs\react-dom.development.js:26103:10)
    at C:\Users\aless\Desktop\SE2-Projects\SPG-Project\SolidarityPurchasingGroup\client\node_modules\@testing-library\react\dist\pure.js:101:25
    at batchedUpdates$1 (C:\Users\aless\Desktop\SE2-Projects\SPG-Project\SolidarityPurchasingGroup\client\node_modules\react-dom\cjs\react-dom.development.js:22380:12)
    at act (C:\Users\aless\Desktop\SE2-Projects\SPG-Project\SolidarityPurchasingGroup\client\node_modules\react-dom\cjs\react-dom-test-utils.development.js:1042:14)
    at render (C:\Users\aless\Desktop\SE2-Projects\SPG-Project\SolidarityPurchasingGroup\client\node_modules\@testing-library\react\dist\pure.js:97:26)
    at Object.<anonymous> (C:\Users\aless\Desktop\SE2-Projects\SPG-Project\SolidarityPurchasingGroup\client\src\Components\Cart\__test__\Cart.test.js:20:40)
    at Promise.then.completed (C:\Users\aless\Desktop\SE2-Projects\SPG-Project\SolidarityPurchasingGroup\client\node_modules\jest-circus\build\utils.js:276:28)
    at new Promise (<anonymous>)
    at callAsyncCircusFn (C:\Users\aless\Desktop\SE2-Projects\SPG-Project\SolidarityPurchasingGroup\client\node_modules\jest-circus\build\utils.js:216:10)
    at _callCircusTest (C:\Users\aless\Desktop\SE2-Projects\SPG-Project\SolidarityPurchasingGroup\client\node_modules\jest-circus\build\run.js:212:40)
    at processTicksAndRejections (node:internal/process/task_queues:96:5)
    at _runTest (C:\Users\aless\Desktop\SE2-Projects\SPG-Project\SolidarityPurchasingGroup\client\node_modules\jest-circus\build\run.js:149:3)
    at _runTestsForDescribeBlock (C:\Users\aless\Desktop\SE2-Projects\SPG-Project\SolidarityPurchasingGroup\client\node_modules\jest-circus\build\run.js:63:9)
    at run (C:\Users\aless\Desktop\SE2-Projects\SPG-Project\SolidarityPurchasingGroup\client\node_modules\jest-circus\build\run.js:25:3)
    at runAndTransformResultsToJestFormat (C:\Users\aless\Desktop\SE2-Projects\SPG-Project\SolidarityPurchasingGroup\client\node_modules\jest-circus\build\legacy-code-todo-rewrite\jestAdapterInit.js:176:21)
    at jestAdapter (C:\Users\aless\Desktop\SE2-Projects\SPG-Project\SolidarityPurchasingGroup\client\node_modules\jest-circus\build\legacy-code-todo-rewrite\jestAdapter.js:109:19)
    at runTestInternal (C:\Users\aless\Desktop\SE2-Projects\SPG-Project\SolidarityPurchasingGroup\client\node_modules\jest-runner\build\runTest.js:380:16)
    at runTest (C:\Users\aless\Desktop\SE2-Projects\SPG-Project\SolidarityPurchasingGroup\client\node_modules\jest-runner\build\runTest.js:472:34)
    at Object.worker (C:\Users\aless\Desktop\SE2-Projects\SPG-Project\SolidarityPurchasingGroup\client\node_modules\jest-runner\build\testWorker.js:133:12)]]></failure>
        </testCase>
    </file>
    <file path="C:\Users\aless\Desktop\SE2-Projects\SPG-Project\SolidarityPurchasingGroup\client\src\App.test.js">
        <testCase name="renders learn react link" duration="154"/>
    </file>
    <file path="C:\Users\aless\Desktop\SE2-Projects\SPG-Project\SolidarityPurchasingGroup\client\src\Components\HomePage\__test__\HomePage.test.js">
        <testCase name="renders the HomePage " duration="82"/>
        <testCase name="The Section Dropdown shows sections when clicked" duration="133"/>
        <testCase name="The Products button redirects you to the /products path" duration="34"/>
    </file>
    <file path="C:\Users\aless\Desktop\SE2-Projects\SPG-Project\SolidarityPurchasingGroup\client\src\Components\NavBar\__test__\NavBar.test.js">
        <testCase name="renders the NavBar " duration="89"/>
    </file>
</testExecutions>