<?xml version="1.0" encoding="UTF-8"?>
<testExecutions version="1">
    <file path="C:\Users\aless\Desktop\SE2-Projects\SPG-Project\SolidarityPurchasingGroup\client\src\Components\Cart\__test__\Cart.test.js">
        <testCase name="renders the cart button" duration="47"/>
        <testCase name="clicking on cart button renders the cart modal as expected" duration="96"/>
        <testCase name="the cart modal renders products as expected" duration="55"/>
    </file>
    <file path="C:\Users\aless\Desktop\SE2-Projects\SPG-Project\SolidarityPurchasingGroup\client\src\App.test.js">
        <testCase name="renders learn react link" duration="127"/>
    </file>
    <file path="C:\Users\aless\Desktop\SE2-Projects\SPG-Project\SolidarityPurchasingGroup\client\src\Components\LoginComponents\__test__\LoginComponent.test.js">
        <testCase name="renders the Login form as intended " duration="59"/>
    </file>
    <file path="C:\Users\aless\Desktop\SE2-Projects\SPG-Project\SolidarityPurchasingGroup\client\src\Components\NavBar\__test__\NavBar.test.js">
        <testCase name="renders the NavBar " duration="49"/>
    </file>
    <file path="C:\Users\aless\Desktop\SE2-Projects\SPG-Project\SolidarityPurchasingGroup\client\src\Components\HomePage\__test__\HomePage.test.js">
        <testCase name="renders the HomePage " duration="70"/>
        <testCase name="The Section Dropdown shows sections when clicked" duration="117"/>
        <testCase name="The Products button redirects you to the /products path" duration="34"/>
        <testCase name="The Log In button redirects you to the /login path" duration="27"/>
        <testCase name="The Register button redirects you to the /addClient path" duration="19"/>
    </file>
</testExecutions>