<?xml version="1.0" encoding="UTF-8"?>
<testExecutions version="1">
    <file path="C:\Users\Paolo\Desktop\SoftEng2\SolidarityPurchasingGroup\client\src\Components\ProductList\__test__\ProductList.test.js">
        <testCase name="renders the product list without products" duration="278"/>
        <testCase name="renders a shoppable test product" duration="86"/>
        <testCase name="renders a non-shoppable test product" duration="57"/>
    </file>
    <file path="C:\Users\Paolo\Desktop\SoftEng2\SolidarityPurchasingGroup\client\src\Components\SuccessPage\__test__\OrderSuccess.test.js">
        <testCase name="renders success page with test products" duration="779"/>
    </file>
    <file path="C:\Users\Paolo\Desktop\SoftEng2\SolidarityPurchasingGroup\client\src\Components\NavBar\__test__\NavBar.test.js">
        <testCase name="renders the NavBar when not logged in" duration="343"/>
        <testCase name="renders the NavBar when logged in as manager" duration="260"/>
        <testCase name="renders the NavBar when logged in as employee" duration="265"/>
        <testCase name="renders the NavBar when logged in as client" duration="390"/>
        <testCase name="renders the NavBar when logged in as farmer" duration="245"/>
        <testCase name="renders the NavBar when logged in as deliverer" duration="186"/>
    </file>
    <file path="C:\Users\Paolo\Desktop\SoftEng2\SolidarityPurchasingGroup\client\src\Components\HomePage\__test__\HomePage.test.js">
        <testCase name="renders the HomePage " duration="473"/>
        <testCase name="The icons on the sections sidebar hooks to different sections of the homepage when clicked" duration="98"/>
        <testCase name="The Products button redirects you to the /products path" duration="136"/>
        <testCase name="The Log In button redirects you to the /login path" duration="137"/>
        <testCase name="The Register button redirects you to the /addClient path" duration="135"/>
    </file>
    <file path="C:\Users\Paolo\Desktop\SoftEng2\SolidarityPurchasingGroup\client\src\Components\ClientList\__test__\AddClient.test.js">
        <testCase name="renders the AddClient component with all it&apos;s input fields " duration="203"/>
        <testCase name="All input fields work as ecxpected and are linked to their label and register button redirects you to root path" duration="540"/>
        <testCase name="Error messages pops up when input is missing or wrong" duration="91"/>
    </file>
    <file path="C:\Users\Paolo\Desktop\SoftEng2\SolidarityPurchasingGroup\client\src\Components\ClientList\__test__\ClientList.test.js">
        <testCase name="the client table renders as expected " duration="250"/>
        <testCase name="the top up wallet modal renders as expected " duration="182"/>
    </file>
    <file path="C:\Users\Paolo\Desktop\SoftEng2\SolidarityPurchasingGroup\client\src\Components\SideBar\__test__\SideBar.test.js">
        <testCase name="renders the loading sidebar" duration="8"/>
        <testCase name="renders the sidebar with types" duration="229"/>
    </file>
    <file path="C:\Users\Paolo\Desktop\SoftEng2\SolidarityPurchasingGroup\client\src\App.test.js">
        <testCase name="renders learn react link" duration="107"/>
    </file>
    <file path="C:\Users\Paolo\Desktop\SoftEng2\SolidarityPurchasingGroup\client\src\Components\OrderList\__test__\OrderList.test.js">
        <testCase name="renders the OrderList" duration="51"/>
        <testCase name="renders an order tuple" duration="177"/>
    </file>
    <file path="C:\Users\Paolo\Desktop\SoftEng2\SolidarityPurchasingGroup\client\src\Components\LoginComponents\__test__\LoginComponent.test.js">
        <testCase name="renders the Login form as intended " duration="59"/>
    </file>
    <file path="C:\Users\Paolo\Desktop\SoftEng2\SolidarityPurchasingGroup\client\src\Components\Cart\__test__\Cart.test.js">
        <testCase name="renders the cart button" duration="9"/>
        <testCase name="clicking on cart button renders the cart modal as expected" duration="32"/>
        <testCase name="the cart modal renders products as expected" duration="33"/>
    </file>
</testExecutions>