<?xml version="1.0" encoding="UTF-8"?>
<testExecutions version="1">
    <file path="C:\Users\aless\Desktop\SE2-Projects\SPG-Project\SolidarityPurchasingGroup\client\src\Components\Cart\__test__\Cart.test.js">
        <testCase name="renders the cart button" duration="63"/>
        <testCase name="clicking on cart button renders the cart modal as expected" duration="226"/>
        <testCase name="the cart modal renders products as expected" duration="73"/>
    </file>
    <file path="C:\Users\aless\Desktop\SE2-Projects\SPG-Project\SolidarityPurchasingGroup\client\src\Components\OrderList\__test__\OrderList.test.js">
        <testCase name="renders the OrderList" duration="200"/>
        <testCase name="renders an order with state issued" duration="332"/>
        <testCase name="renders an order with state pending for cancelation" duration="256"/>
        <testCase name="renders an order with state paid" duration="184"/>
        <testCase name="renders an order with state handed out" duration="188"/>
        <testCase name="renders an order with state handed out" duration="176"/>
        <testCase name="renders an order with state canceled" duration="199"/>
        <testCase name="renders an order with state created" duration="161"/>
        <testCase name="clicks on button contact user" duration="131"/>
        <testCase name="clicks on delete order button" duration="121"/>
    </file>
    <file path="C:\Users\aless\Desktop\SE2-Projects\SPG-Project\SolidarityPurchasingGroup\client\src\Components\OrderList\__test__\MyOrderList.test.js">
        <testCase name="renders MyOrderList table" duration="368"/>
        <testCase name="renders an order row with pickup time and update option" duration="657"/>
        <testCase name="renders an order row with delivery time and update option" duration="452"/>
        <testCase name="renders an order row with pickup time without update option" duration="302"/>
        <testCase name="renders the modal to update an order with delivery" duration="362"/>
        <testCase name="renders the modal to update an order without delivery" duration="191"/>
        <testCase name="renders a product in the modal to update it" duration="213"/>
    </file>
    <file path="C:\Users\aless\Desktop\SE2-Projects\SPG-Project\SolidarityPurchasingGroup\client\src\Components\NavBar\__test__\NavBar.test.js">
        <testCase name="renders the NavBar when not logged in" duration="327"/>
        <testCase name="renders the NavBar when logged in as manager" duration="285"/>
        <testCase name="renders the NavBar when logged in as employee" duration="249"/>
        <testCase name="renders the NavBar when logged in as client" duration="446"/>
        <testCase name="renders the NavBar when logged in as farmer" duration="131"/>
        <testCase name="renders the NavBar when logged in as deliverer" duration="154"/>
    </file>
    <file path="C:\Users\aless\Desktop\SE2-Projects\SPG-Project\SolidarityPurchasingGroup\client\src\App.test.js">
        <testCase name="renders learn react link" duration="204"/>
    </file>
    <file path="C:\Users\aless\Desktop\SE2-Projects\SPG-Project\SolidarityPurchasingGroup\client\src\Components\SuccessPage\__test__\OrderSuccess.test.js">
        <testCase name="checks if works with delivery date" duration="1208"/>
    </file>
    <file path="C:\Users\aless\Desktop\SE2-Projects\SPG-Project\SolidarityPurchasingGroup\client\src\Components\FarmerHome\__test__\FarmerHome.test.js">
        <testCase name="renders the HomePage " duration="382"/>
        <testCase name="clicking on add product button renders the modal as expected" duration="1182"/>
        <testCase name="renders the row of a product to edit" duration="112"/>
        <testCase name="renders the modal of a product to edit" duration="262"/>
        <testCase name="renders the row of a product to confirm" duration="94"/>
    </file>
    <file path="C:\Users\aless\Desktop\SE2-Projects\SPG-Project\SolidarityPurchasingGroup\client\src\Components\Notifications\__test__\Notifications.test.js">
        <testCase name="renders the notification button" duration="180"/>
        <testCase name="opens the off canvas" duration="115"/>
    </file>
    <file path="C:\Users\aless\Desktop\SE2-Projects\SPG-Project\SolidarityPurchasingGroup\client\src\Components\ClientList\__test__\ClientList.test.js">
        <testCase name="the client table renders as expected " duration="222"/>
        <testCase name="the top up wallet modal renders as expected " duration="231"/>
    </file>
    <file path="C:\Users\aless\Desktop\SE2-Projects\SPG-Project\SolidarityPurchasingGroup\client\src\Components\ProductList\__test__\ProductList.test.js">
        <testCase name="renders the product list without products" duration="416"/>
        <testCase name="renders a shoppable test product" duration="186"/>
        <testCase name="renders a non-shoppable test product" duration="102"/>
    </file>
    <file path="C:\Users\aless\Desktop\SE2-Projects\SPG-Project\SolidarityPurchasingGroup\client\src\Components\WareHouseHome\__test__\WareHouseHome.test.js">
        <testCase name="renders the search product box" duration="164"/>
        <testCase name="renders the table" duration="143"/>
        <testCase name="renders a row of the table with product non in warehouse" duration="347"/>
        <testCase name="renders a row of the table with product in warehouse" duration="145"/>
    </file>
    <file path="C:\Users\aless\Desktop\SE2-Projects\SPG-Project\SolidarityPurchasingGroup\client\src\Components\ClientList\__test__\AddClient.test.js">
        <testCase name="renders the AddClient component with all it&apos;s input fields " duration="279"/>
        <testCase name="All input fields work as ecxpected and are linked to their label and register button redirects you to root path" duration="902"/>
        <testCase name="Error messages pops up when input is missing or wrong" duration="135"/>
    </file>
    <file path="C:\Users\aless\Desktop\SE2-Projects\SPG-Project\SolidarityPurchasingGroup\client\src\Components\HomePage\__test__\HomePage.test.js">
        <testCase name="renders the HomePage " duration="637"/>
        <testCase name="The icons on the sections sidebar hooks to different sections of the homepage when clicked" duration="122"/>
        <testCase name="The Products button redirects you to the /products path" duration="167"/>
        <testCase name="The Log In button redirects you to the /login path" duration="135"/>
        <testCase name="The Register button redirects you to the /addClient path" duration="104"/>
    </file>
    <file path="C:\Users\aless\Desktop\SE2-Projects\SPG-Project\SolidarityPurchasingGroup\client\src\Components\SideBar\__test__\SideBar.test.js">
        <testCase name="renders the loading sidebar" duration="29"/>
        <testCase name="renders the sidebar with types" duration="252"/>
    </file>
    <file path="C:\Users\aless\Desktop\SE2-Projects\SPG-Project\SolidarityPurchasingGroup\client\src\Components\UnretrievedFood\__test__\UnretrievedFood.test.js">
        <testCase name="renders the loading unretrieved food page" duration="49"/>
    </file>
    <file path="C:\Users\aless\Desktop\SE2-Projects\SPG-Project\SolidarityPurchasingGroup\client\src\Components\LoginComponents\__test__\LoginComponent.test.js">
        <testCase name="renders the Login form as intended " duration="51"/>
    </file>
</testExecutions>